\BOOKMARK [0][-]{chapter.1}{\376\377\000I\000n\000t\000r\000o\000d\000u\000c\000t\000i\000o\000n}{}% 1
\BOOKMARK [1][-]{section.1.1}{\376\377\000G\000o\000a\000l\000s}{chapter.1}% 2
\BOOKMARK [1][-]{section.1.2}{\376\377\000O\000u\000t\000l\000i\000n\000e}{chapter.1}% 3
\BOOKMARK [0][-]{chapter.2}{\376\377\000R\000e\000q\000u\000i\000r\000e\000m\000e\000n\000t\000s}{}% 4
\BOOKMARK [0][-]{chapter.3}{\376\377\000A\000n\000a\000l\000y\000s\000i\000s}{}% 5
\BOOKMARK [1][-]{section.3.1}{\376\377\000A\000p\000p\000l\000i\000c\000a\000t\000i\000o\000n\000\040\000s\000o\000f\000t\000w\000a\000r\000e\000\040\000s\000t\000a\000c\000k}{chapter.3}% 6
\BOOKMARK [2][-]{subsection.3.1.1}{\376\377\000R\000u\000b\000y\000\040\000o\000n\000\040\000R\000a\000i\000l\000s}{section.3.1}% 7
\BOOKMARK [2][-]{subsection.3.1.2}{\376\377\000P\000o\000s\000r\000t\000g\000r\000e\000S\000Q\000L}{section.3.1}% 8
\BOOKMARK [2][-]{subsection.3.1.3}{\376\377\000S\000i\000d\000e\000k\000i\000q}{section.3.1}% 9
\BOOKMARK [1][-]{section.3.2}{\376\377\000C\000u\000s\000t\000o\000m\000e\000r\000s}{chapter.3}% 10
\BOOKMARK [1][-]{section.3.3}{\376\377\000E\000m\000p\000l\000o\000y\000e\000e\000s}{chapter.3}% 11
\BOOKMARK [1][-]{section.3.4}{\376\377\000V\000e\000h\000i\000c\000l\000e\000s}{chapter.3}% 12
\BOOKMARK [0][-]{chapter.4}{\376\377\000T\000i\000t\000l\000e\000\040\000o\000f\000\040\000t\000h\000e\000\040\000f\000i\000r\000s\000t\000\040\000c\000h\000a\000p\000t\000e\000r}{}% 13
\BOOKMARK [1][-]{section.4.1}{\376\377\000T\000i\000t\000l\000e\000\040\000o\000f\000\040\000t\000h\000e\000\040\000f\000i\000r\000s\000t\000\040\000s\000u\000b\000c\000h\000a\000p\000t\000e\000r\000\040\000o\000f\000\040\000t\000h\000e\000\040\000f\000i\000r\000s\000t\000\040\000c\000h\000a\000p\000t\000e\000r}{chapter.4}% 14
\BOOKMARK [1][-]{section.4.2}{\376\377\000T\000i\000t\000l\000e\000\040\000o\000f\000\040\000t\000h\000e\000\040\000s\000e\000c\000o\000n\000d\000\040\000s\000u\000b\000c\000h\000a\000p\000t\000e\000r\000\040\000o\000f\000\040\000t\000h\000e\000\040\000f\000i\000r\000s\000t\000\040\000c\000h\000a\000p\000t\000e\000r}{chapter.4}% 15
\BOOKMARK [0][-]{chapter.5}{\376\377\000T\000i\000t\000l\000e\000\040\000o\000f\000\040\000t\000h\000e\000\040\000s\000e\000c\000o\000n\000d\000\040\000c\000h\000a\000p\000t\000e\000r}{}% 16
\BOOKMARK [1][-]{section.5.1}{\376\377\000T\000i\000t\000l\000e\000\040\000o\000f\000\040\000t\000h\000e\000\040\000f\000i\000r\000s\000t\000\040\000s\000u\000b\000c\000h\000a\000p\000t\000e\000r\000\040\000o\000f\000\040\000t\000h\000e\000\040\000s\000e\000c\000o\000n\000d\000\040\000c\000h\000a\000p\000t\000e\000r}{chapter.5}% 17
\BOOKMARK [1][-]{section.5.2}{\376\377\000T\000i\000t\000l\000e\000\040\000o\000f\000\040\000t\000h\000e\000\040\000s\000e\000c\000o\000n\000d\000\040\000s\000u\000b\000c\000h\000a\000p\000t\000e\000r\000\040\000o\000f\000\040\000t\000h\000e\000\040\000s\000e\000c\000o\000n\000d\000\040\000c\000h\000a\000p\000t\000e\000r}{chapter.5}% 18
\BOOKMARK [0][-]{chapter*.3}{\376\377\000C\000o\000n\000c\000l\000u\000s\000i\000o\000n}{}% 19
\BOOKMARK [0][-]{chapter*.4}{\376\377\000B\000i\000b\000l\000i\000o\000g\000r\000a\000p\000h\000y}{}% 20
\BOOKMARK [0][-]{chapter*.5}{\376\377\000L\000i\000s\000t\000\040\000o\000f\000\040\000F\000i\000g\000u\000r\000e\000s}{}% 21
\BOOKMARK [0][-]{chapter*.6}{\376\377\000L\000i\000s\000t\000\040\000o\000f\000\040\000T\000a\000b\000l\000e\000s}{}% 22
\BOOKMARK [0][-]{chapter*.7}{\376\377\000L\000i\000s\000t\000\040\000o\000f\000\040\000A\000b\000b\000r\000e\000v\000i\000a\000t\000i\000o\000n\000s}{}% 23
\BOOKMARK [0][-]{appendix.A}{\376\377\000A\000t\000t\000a\000c\000h\000m\000e\000n\000t\000s}{}% 24
\BOOKMARK [1][-]{section.A.1}{\376\377\000F\000i\000r\000s\000t\000\040\000A\000t\000t\000a\000c\000h\000m\000e\000n\000t}{appendix.A}% 25
